<testsuite failures="0" name="com/noorteck/qa/features/Variable.feature" skipped="0" tests="2" time="0.472027">
  <testcase classname="com.noorteck.qa.features.Variable" name="Verify User able to retrieve the existing job description" time="0.235622">
    <system-out>* def data = read('classpath:com/noorteck/qa/data/JobAPI_TestData.json') .. passed
* def filename = env == 'scrum' ? 'classpath:com/noorteck/qa/helper/Headers.feature@valid-auth' : 'classpath:com/noorteck/qa/helper/Headers.feature@no-auth' . passed
* def info = call read(filename) .......................................... passed
* def URL = baseUrl ....................................................... passed
* configure headers = info.HEADER ......................................... passed
* def PATH = findAPI ...................................................... passed
Given params {id: '#(data.scrum[0].jobId)', jobTitle: '#(data.scrum[0].jobTitle)'} . passed
And url URL ............................................................... passed
And path PATH ............................................................. passed
When method GET ........................................................... passed
* print response .......................................................... passed
Then status 200 ........................................................... passed
And match response.jobId == data.scrum[0].jobId ........................... passed
And match response.jobTitle == data.scrum[0].jobTitle ..................... passed
And match response.project[0].projectName == data.scrum[0].projectName .... passed</system-out>
  </testcase>
  <testcase classname="com.noorteck.qa.features.Variable" name="Verify User able to retrieve the existing job description" time="0.236404">
    <system-out>* def data = read('classpath:com/noorteck/qa/data/JobAPI_TestData.json') .. passed
* def filename = env == 'scrum' ? 'classpath:com/noorteck/qa/helper/Headers.feature@valid-auth' : 'classpath:com/noorteck/qa/helper/Headers.feature@no-auth' . passed
* def info = call read(filename) .......................................... passed
* def URL = baseUrl ....................................................... passed
* configure headers = info.HEADER ......................................... passed
* def PATH = findAPI ...................................................... passed
Given params {id: '#(data.scrum[0].jobId)', jobTitle: '#(data.scrum[0].jobTitle)'} . passed
And url URL ............................................................... passed
And path PATH ............................................................. passed
When method GET ........................................................... passed
* print response .......................................................... passed
Then status 200 ........................................................... passed
And match response.jobId == data.scrum[0].jobId ........................... passed
And match response.jobTitle == data.scrum[0].jobTitle ..................... passed
And match response.project[0].projectName == data.scrum[0].projectName .... passed
* def data = read('classpath:com/noorteck/qa/data/JobAPI_TestData.json') .. passed
* def filename = env == 'scrum' ? 'classpath:com/noorteck/qa/helper/Headers.feature@valid-auth' : 'classpath:com/noorteck/qa/helper/Headers.feature@no-auth' . passed
* def info = call read(filename) .......................................... passed
* def URL = baseUrl ....................................................... passed
* configure headers = info.HEADER ......................................... passed
* def PATH = findAPI ...................................................... passed
Given params {id: '#(data.scrum[0].jobId)', jobTitle: '#(data.scrum[0].jobTitle)'} . passed
And url URL ............................................................... passed
And path PATH ............................................................. passed
When method GET ........................................................... passed
* print response .......................................................... passed
Then status 200 ........................................................... passed
And match response.jobId == data.scrum[0].jobId ........................... passed
And match response.jobTitle == data.scrum[0].jobTitle ..................... passed
And match response.project[0].projectName == data.scrum[0].projectName .... passed</system-out>
  </testcase>
</testsuite>
