<testsuite failures="2" name="com/noorteck/qa/features/US1-FindJobAPI.feature" skipped="0" tests="2" time="2.947207">
  <testcase classname="com.noorteck.qa.features.US1-FindJobAPI" name="Verify User able to retrieve the existing job description with valid Authentication" time="2.645365">
    <failure message="US1-FindJobAPI.feature:20 - status code was: 400, expected: 200, response time: 257, url: http://jobportalkarate.herokuapp.com/secure/webapi/find?id=%23%28result.response.jobId%29&amp;jobTitle=%23%28result.response.jobTitle%29, response: {&quot;path&quot;:&quot;/secure/webapi/find&quot;,&quot;error&quot;:&quot;Bad Request&quot;,&quot;message&quot;:&quot;Failed to convert value of type 'java.lang.String' to required type 'int'; nested exception is java.lang.NumberFormatException: For input string: \&quot;(result.response.jobId)\&quot;&quot;,&quot;timestamp&quot;:&quot;2022-06-05T17:04:17.438+0000&quot;,&quot;status&quot;:400}">* def data = read('classpath:com/noorteck/qa/data/JobAPI_TestData.json') .. passed
* def filename = env == 'scrum' ? 'classpath:com/noorteck/qa/helper/Headers.feature@valid-auth' : 'classpath:com/noorteck/qa/helper/Headers.feature@no-auth' . passed
* def info = call read(filename) .......................................... passed
* def URL = baseUrl ....................................................... passed
* configure headers = info.HEADER ......................................... passed
* def PATH = findAPI ...................................................... passed
* def result = call read('US2-AddNewJobAPI.feature@scrum') ................ passed
* print result.response ................................................... passed
Given params {id: '#(result.response.jobId)', jobTitle: '#(result.response.jobTitle)'} . passed
And url URL ............................................................... passed
And path PATH ............................................................. passed
When method GET ........................................................... passed
* print response .......................................................... passed
Then status 200 ........................................................... failed

Stack Trace:
com.intuit.karate.exception.KarateException: US1-FindJobAPI.feature:20 - status code was: 400, expected: 200, response time: 257, url: http://jobportalkarate.herokuapp.com/secure/webapi/find?id=%23%28result.response.jobId%29&amp;jobTitle=%23%28result.response.jobTitle%29, response: {"path":"/secure/webapi/find","error":"Bad Request","message":"Failed to convert value of type 'java.lang.String' to required type 'int'; nested exception is java.lang.NumberFormatException: For input string: \"(result.response.jobId)\"","timestamp":"2022-06-05T17:04:17.438+0000","status":400}&#13;
	at ✽.Then status 200 (US1-FindJobAPI.feature:20)&#13;

And match response.jobId == result.response.jobId ......................... skipped
And match response.jobTitle == result.response.jobTitle ................... skipped
And match response.project[0].projectName == result.response.project[0].projectName . skipped</failure>
  </testcase>
  <testcase classname="com.noorteck.qa.features.US1-FindJobAPI" name="Verify User able to retrieve the existing job description with valid Authentication" time="0.301842">
    <failure message="US1-FindJobAPI.feature:42 - status code was: 400, expected: 200, response time: 154, url: http://jobportalkarate.herokuapp.com/secure/webapi/find?id=%23%28result.data.scrum%5B0%5D.jobId%29&amp;jobTitle=%23%28result.data.scrum%5B0%5D.jobTitle%29, response: {&quot;path&quot;:&quot;/secure/webapi/find&quot;,&quot;error&quot;:&quot;Bad Request&quot;,&quot;message&quot;:&quot;Failed to convert value of type 'java.lang.String' to required type 'int'; nested exception is java.lang.NumberFormatException: For input string: \&quot;(result.data.scrum[0].jobId)\&quot;&quot;,&quot;timestamp&quot;:&quot;2022-06-05T17:04:17.787+0000&quot;,&quot;status&quot;:400}">* def data = read('classpath:com/noorteck/qa/data/JobAPI_TestData.json') .. passed
* def filename = env == 'scrum' ? 'classpath:com/noorteck/qa/helper/Headers.feature@valid-auth' : 'classpath:com/noorteck/qa/helper/Headers.feature@no-auth' . passed
* def info = call read(filename) .......................................... passed
* def URL = baseUrl ....................................................... passed
* configure headers = info.HEADER ......................................... passed
* def PATH = findAPI ...................................................... passed
* def result = call read('US2-AddNewJobAPI.feature@scrum') ................ passed
* print result.response ................................................... passed
Given params {id: '#(result.response.jobId)', jobTitle: '#(result.response.jobTitle)'} . passed
And url URL ............................................................... passed
And path PATH ............................................................. passed
When method GET ........................................................... passed
* print response .......................................................... passed
Then status 200 ........................................................... failed

Stack Trace:
com.intuit.karate.exception.KarateException: US1-FindJobAPI.feature:20 - status code was: 400, expected: 200, response time: 257, url: http://jobportalkarate.herokuapp.com/secure/webapi/find?id=%23%28result.response.jobId%29&amp;jobTitle=%23%28result.response.jobTitle%29, response: {"path":"/secure/webapi/find","error":"Bad Request","message":"Failed to convert value of type 'java.lang.String' to required type 'int'; nested exception is java.lang.NumberFormatException: For input string: \"(result.response.jobId)\"","timestamp":"2022-06-05T17:04:17.438+0000","status":400}&#13;
	at ✽.Then status 200 (US1-FindJobAPI.feature:20)&#13;

And match response.jobId == result.response.jobId ......................... skipped
And match response.jobTitle == result.response.jobTitle ................... skipped
And match response.project[0].projectName == result.response.project[0].projectName . skipped
* def data = read('classpath:com/noorteck/qa/data/JobAPI_TestData.json') .. passed
* def filename = env == 'scrum' ? 'classpath:com/noorteck/qa/helper/Headers.feature@valid-auth' : 'classpath:com/noorteck/qa/helper/Headers.feature@no-auth' . passed
* def info = call read(filename) .......................................... passed
* def URL = baseUrl ....................................................... passed
* configure headers = info.HEADER ......................................... passed
* def PATH = findAPI ...................................................... passed
* def result = call read('US2-AddNewJobAPI.feature@scrum') ................ passed
* print result.response ................................................... passed
Given params {id: '#(result.data.scrum[0].jobId)', jobTitle: '#(result.data.scrum[0].jobTitle)'} . passed
And url URL ............................................................... passed
And path PATH ............................................................. passed
When method GET ........................................................... passed
* print response .......................................................... passed
Then status 200 ........................................................... failed

Stack Trace:
com.intuit.karate.exception.KarateException: US1-FindJobAPI.feature:42 - status code was: 400, expected: 200, response time: 154, url: http://jobportalkarate.herokuapp.com/secure/webapi/find?id=%23%28result.data.scrum%5B0%5D.jobId%29&amp;jobTitle=%23%28result.data.scrum%5B0%5D.jobTitle%29, response: {"path":"/secure/webapi/find","error":"Bad Request","message":"Failed to convert value of type 'java.lang.String' to required type 'int'; nested exception is java.lang.NumberFormatException: For input string: \"(result.data.scrum[0].jobId)\"","timestamp":"2022-06-05T17:04:17.787+0000","status":400}&#13;
	at ✽.Then status 200 (US1-FindJobAPI.feature:42)&#13;

And match response.jobId == result.data.scrum[0].jobId .................... skipped
And match response.jobTitle == result.data.scrum[0].jobTitle .............. skipped
And match response.project[0].projectName == result.data.scrum[0].projectName . skipped</failure>
  </testcase>
</testsuite>
