<testsuite failures="0" name="com/noorteck/qa/features/FINAL_VERSION.feature" skipped="0" tests="10" time="9.352536">
  <testcase classname="com.noorteck.qa.features.FINAL_VERSION" name="Verify User able to Create new job description" time="3.626206">
    <system-out>* def data = read('classpath:com/noorteck/qa/data/JobAPI_TestData.json') .. passed
* def filename = env == 'scrum' ? 'classpath:com/noorteck/qa/helper/Headers.feature@valid-auth' : 'classpath:com/noorteck/qa/helper/Headers.feature@no-auth' . passed
* def info = call read(filename) .......................................... passed
* def URL = baseUrl ....................................................... passed
* configure headers = info.HEADER ......................................... passed
* def PATH = addAPI ....................................................... passed
* def REQUESTBODY = read(data.requestBody) ................................ passed
* set REQUESTBODY.experience[0] = data.scrum[0].experience ................ passed
* set REQUESTBODY.jobDescription = data.scrum[0].jobDescription ........... passed
* set REQUESTBODY.jobId = data.scrum[0].jobId ............................. passed
* set REQUESTBODY.jobTitle = data.scrum[0].jobTitle ....................... passed
* set REQUESTBODY.project[0].projectName = data.scrum[0].projectName ...... passed
Given url URL ............................................................. passed
And path PATH ............................................................. passed
And request REQUESTBODY ................................................... passed
When method POST .......................................................... passed
* print response .......................................................... passed
Then status 201 ........................................................... passed
And match response.jobId == data.scrum[0].jobId ........................... passed
And match response.jobTitle == data.scrum[0].jobTitle ..................... passed
And match response.jobDescription == data.scrum[0].jobDescription ......... passed
And match response.project[0].projectName ==data.scrum[0].projectName ..... passed
And match response.experience[0] == data.scrum[0].experience .............. passed</system-out>
  </testcase>
  <testcase classname="com.noorteck.qa.features.FINAL_VERSION" name="Verify User able to Create new job description" time="3.484898">
    <system-out>* def data = read('classpath:com/noorteck/qa/data/JobAPI_TestData.json') .. passed
* def filename = env == 'scrum' ? 'classpath:com/noorteck/qa/helper/Headers.feature@valid-auth' : 'classpath:com/noorteck/qa/helper/Headers.feature@no-auth' . passed
* def info = call read(filename) .......................................... passed
* def URL = baseUrl ....................................................... passed
* configure headers = info.HEADER ......................................... passed
* def PATH = addAPI ....................................................... passed
* def REQUESTBODY = read(data.requestBody) ................................ passed
* set REQUESTBODY.experience[0] = data.scrum[0].experience ................ passed
* set REQUESTBODY.jobDescription = data.scrum[0].jobDescription ........... passed
* set REQUESTBODY.jobId = data.scrum[0].jobId ............................. passed
* set REQUESTBODY.jobTitle = data.scrum[0].jobTitle ....................... passed
* set REQUESTBODY.project[0].projectName = data.scrum[0].projectName ...... passed
Given url URL ............................................................. passed
And path PATH ............................................................. passed
And request REQUESTBODY ................................................... passed
When method POST .......................................................... passed
* print response .......................................................... passed
Then status 201 ........................................................... passed
And match response.jobId == data.scrum[0].jobId ........................... passed
And match response.jobTitle == data.scrum[0].jobTitle ..................... passed
And match response.jobDescription == data.scrum[0].jobDescription ......... passed
And match response.project[0].projectName ==data.scrum[0].projectName ..... passed
And match response.experience[0] == data.scrum[0].experience .............. passed
* def data = read('classpath:com/noorteck/qa/data/JobAPI_TestData.json') .. passed
* def filename = env == 'scrum' ? 'classpath:com/noorteck/qa/helper/Headers.feature@valid-auth' : 'classpath:com/noorteck/qa/helper/Headers.feature@no-auth' . passed
* def info = call read(filename) .......................................... passed
* def URL = baseUrl ....................................................... passed
* configure headers = info.HEADER ......................................... passed
* def PATH = addAPI ....................................................... passed
* def REQUESTBODY = read(data.requestBody) ................................ passed
* set REQUESTBODY.experience[0] = data.sit[0].experience .................. passed
* set REQUESTBODY.jobDescription = data.sit[0].jobDescription ............. passed
* set REQUESTBODY.jobId = data.sit[0].jobId ............................... passed
* set REQUESTBODY.jobTitle = data.sit[0].jobTitle ......................... passed
* set REQUESTBODY.project[0].projectName = data.sit[0].projectName ........ passed
Given url URL ............................................................. passed
And path PATH ............................................................. passed
And request REQUESTBODY ................................................... passed
When method POST .......................................................... passed
* print response .......................................................... passed
Then status 201 ........................................................... passed
And match response.jobId == data.sit[0].jobId ............................. passed
And match response.jobTitle == data.sit[0].jobTitle ....................... passed
And match response.jobDescription == data.sit[0].jobDescription ........... passed
And match response.project[0].projectName ==data.sit[0].projectName ....... passed
And match response.experience[0] == data.sit[0].experience ................ passed</system-out>
  </testcase>
  <testcase classname="com.noorteck.qa.features.FINAL_VERSION" name="Verify User able to retrieve the existing job description" time="0.282444">
    <system-out>* def data = read('classpath:com/noorteck/qa/data/JobAPI_TestData.json') .. passed
* def filename = env == 'scrum' ? 'classpath:com/noorteck/qa/helper/Headers.feature@valid-auth' : 'classpath:com/noorteck/qa/helper/Headers.feature@no-auth' . passed
* def info = call read(filename) .......................................... passed
* def URL = baseUrl ....................................................... passed
* configure headers = info.HEADER ......................................... passed
* def PATH = addAPI ....................................................... passed
* def REQUESTBODY = read(data.requestBody) ................................ passed
* set REQUESTBODY.experience[0] = data.scrum[0].experience ................ passed
* set REQUESTBODY.jobDescription = data.scrum[0].jobDescription ........... passed
* set REQUESTBODY.jobId = data.scrum[0].jobId ............................. passed
* set REQUESTBODY.jobTitle = data.scrum[0].jobTitle ....................... passed
* set REQUESTBODY.project[0].projectName = data.scrum[0].projectName ...... passed
Given url URL ............................................................. passed
And path PATH ............................................................. passed
And request REQUESTBODY ................................................... passed
When method POST .......................................................... passed
* print response .......................................................... passed
Then status 201 ........................................................... passed
And match response.jobId == data.scrum[0].jobId ........................... passed
And match response.jobTitle == data.scrum[0].jobTitle ..................... passed
And match response.jobDescription == data.scrum[0].jobDescription ......... passed
And match response.project[0].projectName ==data.scrum[0].projectName ..... passed
And match response.experience[0] == data.scrum[0].experience .............. passed
* def data = read('classpath:com/noorteck/qa/data/JobAPI_TestData.json') .. passed
* def filename = env == 'scrum' ? 'classpath:com/noorteck/qa/helper/Headers.feature@valid-auth' : 'classpath:com/noorteck/qa/helper/Headers.feature@no-auth' . passed
* def info = call read(filename) .......................................... passed
* def URL = baseUrl ....................................................... passed
* configure headers = info.HEADER ......................................... passed
* def PATH = addAPI ....................................................... passed
* def REQUESTBODY = read(data.requestBody) ................................ passed
* set REQUESTBODY.experience[0] = data.sit[0].experience .................. passed
* set REQUESTBODY.jobDescription = data.sit[0].jobDescription ............. passed
* set REQUESTBODY.jobId = data.sit[0].jobId ............................... passed
* set REQUESTBODY.jobTitle = data.sit[0].jobTitle ......................... passed
* set REQUESTBODY.project[0].projectName = data.sit[0].projectName ........ passed
Given url URL ............................................................. passed
And path PATH ............................................................. passed
And request REQUESTBODY ................................................... passed
When method POST .......................................................... passed
* print response .......................................................... passed
Then status 201 ........................................................... passed
And match response.jobId == data.sit[0].jobId ............................. passed
And match response.jobTitle == data.sit[0].jobTitle ....................... passed
And match response.jobDescription == data.sit[0].jobDescription ........... passed
And match response.project[0].projectName ==data.sit[0].projectName ....... passed
And match response.experience[0] == data.sit[0].experience ................ passed
* def data = read('classpath:com/noorteck/qa/data/JobAPI_TestData.json') .. passed
* def filename = env == 'scrum' ? 'classpath:com/noorteck/qa/helper/Headers.feature@valid-auth' : 'classpath:com/noorteck/qa/helper/Headers.feature@no-auth' . passed
* def info = call read(filename) .......................................... passed
* def URL = baseUrl ....................................................... passed
* configure headers = info.HEADER ......................................... passed
* def PATH = findAPI ...................................................... passed
Given params {id: '#(data.scrum[0].jobId)', jobTitle: '#(data.scrum[0].jobTitle)'} . passed
And url URL ............................................................... passed
And path PATH ............................................................. passed
When method GET ........................................................... passed
* print response .......................................................... passed
Then status 200 ........................................................... passed
And match response.jobId == data.scrum[0].jobId ........................... passed
And match response.jobTitle == data.scrum[0].jobTitle ..................... passed
And match response.project[0].projectName == data.scrum[0].projectName .... passed</system-out>
  </testcase>
  <testcase classname="com.noorteck.qa.features.FINAL_VERSION" name="Verify User able to retrieve the existing job description" time="0.281332">
    <system-out>* def data = read('classpath:com/noorteck/qa/data/JobAPI_TestData.json') .. passed
* def filename = env == 'scrum' ? 'classpath:com/noorteck/qa/helper/Headers.feature@valid-auth' : 'classpath:com/noorteck/qa/helper/Headers.feature@no-auth' . passed
* def info = call read(filename) .......................................... passed
* def URL = baseUrl ....................................................... passed
* configure headers = info.HEADER ......................................... passed
* def PATH = addAPI ....................................................... passed
* def REQUESTBODY = read(data.requestBody) ................................ passed
* set REQUESTBODY.experience[0] = data.scrum[0].experience ................ passed
* set REQUESTBODY.jobDescription = data.scrum[0].jobDescription ........... passed
* set REQUESTBODY.jobId = data.scrum[0].jobId ............................. passed
* set REQUESTBODY.jobTitle = data.scrum[0].jobTitle ....................... passed
* set REQUESTBODY.project[0].projectName = data.scrum[0].projectName ...... passed
Given url URL ............................................................. passed
And path PATH ............................................................. passed
And request REQUESTBODY ................................................... passed
When method POST .......................................................... passed
* print response .......................................................... passed
Then status 201 ........................................................... passed
And match response.jobId == data.scrum[0].jobId ........................... passed
And match response.jobTitle == data.scrum[0].jobTitle ..................... passed
And match response.jobDescription == data.scrum[0].jobDescription ......... passed
And match response.project[0].projectName ==data.scrum[0].projectName ..... passed
And match response.experience[0] == data.scrum[0].experience .............. passed
* def data = read('classpath:com/noorteck/qa/data/JobAPI_TestData.json') .. passed
* def filename = env == 'scrum' ? 'classpath:com/noorteck/qa/helper/Headers.feature@valid-auth' : 'classpath:com/noorteck/qa/helper/Headers.feature@no-auth' . passed
* def info = call read(filename) .......................................... passed
* def URL = baseUrl ....................................................... passed
* configure headers = info.HEADER ......................................... passed
* def PATH = addAPI ....................................................... passed
* def REQUESTBODY = read(data.requestBody) ................................ passed
* set REQUESTBODY.experience[0] = data.sit[0].experience .................. passed
* set REQUESTBODY.jobDescription = data.sit[0].jobDescription ............. passed
* set REQUESTBODY.jobId = data.sit[0].jobId ............................... passed
* set REQUESTBODY.jobTitle = data.sit[0].jobTitle ......................... passed
* set REQUESTBODY.project[0].projectName = data.sit[0].projectName ........ passed
Given url URL ............................................................. passed
And path PATH ............................................................. passed
And request REQUESTBODY ................................................... passed
When method POST .......................................................... passed
* print response .......................................................... passed
Then status 201 ........................................................... passed
And match response.jobId == data.sit[0].jobId ............................. passed
And match response.jobTitle == data.sit[0].jobTitle ....................... passed
And match response.jobDescription == data.sit[0].jobDescription ........... passed
And match response.project[0].projectName ==data.sit[0].projectName ....... passed
And match response.experience[0] == data.sit[0].experience ................ passed
* def data = read('classpath:com/noorteck/qa/data/JobAPI_TestData.json') .. passed
* def filename = env == 'scrum' ? 'classpath:com/noorteck/qa/helper/Headers.feature@valid-auth' : 'classpath:com/noorteck/qa/helper/Headers.feature@no-auth' . passed
* def info = call read(filename) .......................................... passed
* def URL = baseUrl ....................................................... passed
* configure headers = info.HEADER ......................................... passed
* def PATH = findAPI ...................................................... passed
Given params {id: '#(data.scrum[0].jobId)', jobTitle: '#(data.scrum[0].jobTitle)'} . passed
And url URL ............................................................... passed
And path PATH ............................................................. passed
When method GET ........................................................... passed
* print response .......................................................... passed
Then status 200 ........................................................... passed
And match response.jobId == data.scrum[0].jobId ........................... passed
And match response.jobTitle == data.scrum[0].jobTitle ..................... passed
And match response.project[0].projectName == data.scrum[0].projectName .... passed
* def data = read('classpath:com/noorteck/qa/data/JobAPI_TestData.json') .. passed
* def filename = env == 'scrum' ? 'classpath:com/noorteck/qa/helper/Headers.feature@valid-auth' : 'classpath:com/noorteck/qa/helper/Headers.feature@no-auth' . passed
* def info = call read(filename) .......................................... passed
* def URL = baseUrl ....................................................... passed
* configure headers = info.HEADER ......................................... passed
* def PATH = findAPI ...................................................... passed
Given params {id: '#(data.sit[0].jobId)', jobTitle: '#(data.sit[0].jobTitle)'} . passed
And url URL ............................................................... passed
And path PATH ............................................................. passed
When method GET ........................................................... passed
* print response .......................................................... passed
Then status 200 ........................................................... passed
And match response.jobId == data.sit[0].jobId ............................. passed
And match response.jobTitle == data.sit[0].jobTitle ....................... passed
And match response.project[0].projectName == data.sit[0].projectName ...... passed</system-out>
  </testcase>
  <testcase classname="com.noorteck.qa.features.FINAL_VERSION" name="Verify User able to Update job description" time="0.273227">
    <system-out>* def data = read('classpath:com/noorteck/qa/data/JobAPI_TestData.json') .. passed
* def filename = env == 'scrum' ? 'classpath:com/noorteck/qa/helper/Headers.feature@valid-auth' : 'classpath:com/noorteck/qa/helper/Headers.feature@no-auth' . passed
* def info = call read(filename) .......................................... passed
* def URL = baseUrl ....................................................... passed
* configure headers = info.HEADER ......................................... passed
* def PATH = addAPI ....................................................... passed
* def REQUESTBODY = read(data.requestBody) ................................ passed
* set REQUESTBODY.experience[0] = data.scrum[0].experience ................ passed
* set REQUESTBODY.jobDescription = data.scrum[0].jobDescription ........... passed
* set REQUESTBODY.jobId = data.scrum[0].jobId ............................. passed
* set REQUESTBODY.jobTitle = data.scrum[0].jobTitle ....................... passed
* set REQUESTBODY.project[0].projectName = data.scrum[0].projectName ...... passed
Given url URL ............................................................. passed
And path PATH ............................................................. passed
And request REQUESTBODY ................................................... passed
When method POST .......................................................... passed
* print response .......................................................... passed
Then status 201 ........................................................... passed
And match response.jobId == data.scrum[0].jobId ........................... passed
And match response.jobTitle == data.scrum[0].jobTitle ..................... passed
And match response.jobDescription == data.scrum[0].jobDescription ......... passed
And match response.project[0].projectName ==data.scrum[0].projectName ..... passed
And match response.experience[0] == data.scrum[0].experience .............. passed
* def data = read('classpath:com/noorteck/qa/data/JobAPI_TestData.json') .. passed
* def filename = env == 'scrum' ? 'classpath:com/noorteck/qa/helper/Headers.feature@valid-auth' : 'classpath:com/noorteck/qa/helper/Headers.feature@no-auth' . passed
* def info = call read(filename) .......................................... passed
* def URL = baseUrl ....................................................... passed
* configure headers = info.HEADER ......................................... passed
* def PATH = addAPI ....................................................... passed
* def REQUESTBODY = read(data.requestBody) ................................ passed
* set REQUESTBODY.experience[0] = data.sit[0].experience .................. passed
* set REQUESTBODY.jobDescription = data.sit[0].jobDescription ............. passed
* set REQUESTBODY.jobId = data.sit[0].jobId ............................... passed
* set REQUESTBODY.jobTitle = data.sit[0].jobTitle ......................... passed
* set REQUESTBODY.project[0].projectName = data.sit[0].projectName ........ passed
Given url URL ............................................................. passed
And path PATH ............................................................. passed
And request REQUESTBODY ................................................... passed
When method POST .......................................................... passed
* print response .......................................................... passed
Then status 201 ........................................................... passed
And match response.jobId == data.sit[0].jobId ............................. passed
And match response.jobTitle == data.sit[0].jobTitle ....................... passed
And match response.jobDescription == data.sit[0].jobDescription ........... passed
And match response.project[0].projectName ==data.sit[0].projectName ....... passed
And match response.experience[0] == data.sit[0].experience ................ passed
* def data = read('classpath:com/noorteck/qa/data/JobAPI_TestData.json') .. passed
* def filename = env == 'scrum' ? 'classpath:com/noorteck/qa/helper/Headers.feature@valid-auth' : 'classpath:com/noorteck/qa/helper/Headers.feature@no-auth' . passed
* def info = call read(filename) .......................................... passed
* def URL = baseUrl ....................................................... passed
* configure headers = info.HEADER ......................................... passed
* def PATH = findAPI ...................................................... passed
Given params {id: '#(data.scrum[0].jobId)', jobTitle: '#(data.scrum[0].jobTitle)'} . passed
And url URL ............................................................... passed
And path PATH ............................................................. passed
When method GET ........................................................... passed
* print response .......................................................... passed
Then status 200 ........................................................... passed
And match response.jobId == data.scrum[0].jobId ........................... passed
And match response.jobTitle == data.scrum[0].jobTitle ..................... passed
And match response.project[0].projectName == data.scrum[0].projectName .... passed
* def data = read('classpath:com/noorteck/qa/data/JobAPI_TestData.json') .. passed
* def filename = env == 'scrum' ? 'classpath:com/noorteck/qa/helper/Headers.feature@valid-auth' : 'classpath:com/noorteck/qa/helper/Headers.feature@no-auth' . passed
* def info = call read(filename) .......................................... passed
* def URL = baseUrl ....................................................... passed
* configure headers = info.HEADER ......................................... passed
* def PATH = findAPI ...................................................... passed
Given params {id: '#(data.sit[0].jobId)', jobTitle: '#(data.sit[0].jobTitle)'} . passed
And url URL ............................................................... passed
And path PATH ............................................................. passed
When method GET ........................................................... passed
* print response .......................................................... passed
Then status 200 ........................................................... passed
And match response.jobId == data.sit[0].jobId ............................. passed
And match response.jobTitle == data.sit[0].jobTitle ....................... passed
And match response.project[0].projectName == data.sit[0].projectName ...... passed
* def data = read('classpath:com/noorteck/qa/data/JobAPI_TestData.json') .. passed
* def filename = env == 'scrum' ? 'classpath:com/noorteck/qa/helper/Headers.feature@valid-auth' : 'classpath:com/noorteck/qa/helper/Headers.feature@no-auth' . passed
* def info = call read(filename) .......................................... passed
* def URL = baseUrl ....................................................... passed
* configure headers = info.HEADER ......................................... passed
* def PATH = updateAPI .................................................... passed
* def REQUESTBODY = read(data.requestBody) ................................ passed
* set REQUESTBODY.experience[0] = data.scrum[0].experience ................ passed
* set REQUESTBODY.jobDescription = data.scrum[0].jobDescription ........... passed
* set REQUESTBODY.jobId = data.scrum[0].jobId ............................. passed
* set REQUESTBODY.jobTitle = data.scrum[0].jobTitle ....................... passed
* set REQUESTBODY.project[0].projectName = data.scrum[0].projectName ...... passed
Given url URL ............................................................. passed
And path PATH ............................................................. passed
And request REQUESTBODY ................................................... passed
When method PUT ........................................................... passed
* print response .......................................................... passed
Then status 200 ........................................................... passed
And match response.jobId == data.scrum[0].jobId ........................... passed
And match response.jobTitle == data.scrum[0].jobTitle ..................... passed
And match response.jobDescription == data.scrum[0].jobDescription ......... passed
And match response.project[0].projectName ==data.scrum[0].projectName ..... passed
And match response.experience[0] == data.scrum[0].experience .............. passed</system-out>
  </testcase>
  <testcase classname="com.noorteck.qa.features.FINAL_VERSION" name="Verify User able to Update job description" time="0.306117">
    <system-out>* def data = read('classpath:com/noorteck/qa/data/JobAPI_TestData.json') .. passed
* def filename = env == 'scrum' ? 'classpath:com/noorteck/qa/helper/Headers.feature@valid-auth' : 'classpath:com/noorteck/qa/helper/Headers.feature@no-auth' . passed
* def info = call read(filename) .......................................... passed
* def URL = baseUrl ....................................................... passed
* configure headers = info.HEADER ......................................... passed
* def PATH = addAPI ....................................................... passed
* def REQUESTBODY = read(data.requestBody) ................................ passed
* set REQUESTBODY.experience[0] = data.scrum[0].experience ................ passed
* set REQUESTBODY.jobDescription = data.scrum[0].jobDescription ........... passed
* set REQUESTBODY.jobId = data.scrum[0].jobId ............................. passed
* set REQUESTBODY.jobTitle = data.scrum[0].jobTitle ....................... passed
* set REQUESTBODY.project[0].projectName = data.scrum[0].projectName ...... passed
Given url URL ............................................................. passed
And path PATH ............................................................. passed
And request REQUESTBODY ................................................... passed
When method POST .......................................................... passed
* print response .......................................................... passed
Then status 201 ........................................................... passed
And match response.jobId == data.scrum[0].jobId ........................... passed
And match response.jobTitle == data.scrum[0].jobTitle ..................... passed
And match response.jobDescription == data.scrum[0].jobDescription ......... passed
And match response.project[0].projectName ==data.scrum[0].projectName ..... passed
And match response.experience[0] == data.scrum[0].experience .............. passed
* def data = read('classpath:com/noorteck/qa/data/JobAPI_TestData.json') .. passed
* def filename = env == 'scrum' ? 'classpath:com/noorteck/qa/helper/Headers.feature@valid-auth' : 'classpath:com/noorteck/qa/helper/Headers.feature@no-auth' . passed
* def info = call read(filename) .......................................... passed
* def URL = baseUrl ....................................................... passed
* configure headers = info.HEADER ......................................... passed
* def PATH = addAPI ....................................................... passed
* def REQUESTBODY = read(data.requestBody) ................................ passed
* set REQUESTBODY.experience[0] = data.sit[0].experience .................. passed
* set REQUESTBODY.jobDescription = data.sit[0].jobDescription ............. passed
* set REQUESTBODY.jobId = data.sit[0].jobId ............................... passed
* set REQUESTBODY.jobTitle = data.sit[0].jobTitle ......................... passed
* set REQUESTBODY.project[0].projectName = data.sit[0].projectName ........ passed
Given url URL ............................................................. passed
And path PATH ............................................................. passed
And request REQUESTBODY ................................................... passed
When method POST .......................................................... passed
* print response .......................................................... passed
Then status 201 ........................................................... passed
And match response.jobId == data.sit[0].jobId ............................. passed
And match response.jobTitle == data.sit[0].jobTitle ....................... passed
And match response.jobDescription == data.sit[0].jobDescription ........... passed
And match response.project[0].projectName ==data.sit[0].projectName ....... passed
And match response.experience[0] == data.sit[0].experience ................ passed
* def data = read('classpath:com/noorteck/qa/data/JobAPI_TestData.json') .. passed
* def filename = env == 'scrum' ? 'classpath:com/noorteck/qa/helper/Headers.feature@valid-auth' : 'classpath:com/noorteck/qa/helper/Headers.feature@no-auth' . passed
* def info = call read(filename) .......................................... passed
* def URL = baseUrl ....................................................... passed
* configure headers = info.HEADER ......................................... passed
* def PATH = findAPI ...................................................... passed
Given params {id: '#(data.scrum[0].jobId)', jobTitle: '#(data.scrum[0].jobTitle)'} . passed
And url URL ............................................................... passed
And path PATH ............................................................. passed
When method GET ........................................................... passed
* print response .......................................................... passed
Then status 200 ........................................................... passed
And match response.jobId == data.scrum[0].jobId ........................... passed
And match response.jobTitle == data.scrum[0].jobTitle ..................... passed
And match response.project[0].projectName == data.scrum[0].projectName .... passed
* def data = read('classpath:com/noorteck/qa/data/JobAPI_TestData.json') .. passed
* def filename = env == 'scrum' ? 'classpath:com/noorteck/qa/helper/Headers.feature@valid-auth' : 'classpath:com/noorteck/qa/helper/Headers.feature@no-auth' . passed
* def info = call read(filename) .......................................... passed
* def URL = baseUrl ....................................................... passed
* configure headers = info.HEADER ......................................... passed
* def PATH = findAPI ...................................................... passed
Given params {id: '#(data.sit[0].jobId)', jobTitle: '#(data.sit[0].jobTitle)'} . passed
And url URL ............................................................... passed
And path PATH ............................................................. passed
When method GET ........................................................... passed
* print response .......................................................... passed
Then status 200 ........................................................... passed
And match response.jobId == data.sit[0].jobId ............................. passed
And match response.jobTitle == data.sit[0].jobTitle ....................... passed
And match response.project[0].projectName == data.sit[0].projectName ...... passed
* def data = read('classpath:com/noorteck/qa/data/JobAPI_TestData.json') .. passed
* def filename = env == 'scrum' ? 'classpath:com/noorteck/qa/helper/Headers.feature@valid-auth' : 'classpath:com/noorteck/qa/helper/Headers.feature@no-auth' . passed
* def info = call read(filename) .......................................... passed
* def URL = baseUrl ....................................................... passed
* configure headers = info.HEADER ......................................... passed
* def PATH = updateAPI .................................................... passed
* def REQUESTBODY = read(data.requestBody) ................................ passed
* set REQUESTBODY.experience[0] = data.scrum[0].experience ................ passed
* set REQUESTBODY.jobDescription = data.scrum[0].jobDescription ........... passed
* set REQUESTBODY.jobId = data.scrum[0].jobId ............................. passed
* set REQUESTBODY.jobTitle = data.scrum[0].jobTitle ....................... passed
* set REQUESTBODY.project[0].projectName = data.scrum[0].projectName ...... passed
Given url URL ............................................................. passed
And path PATH ............................................................. passed
And request REQUESTBODY ................................................... passed
When method PUT ........................................................... passed
* print response .......................................................... passed
Then status 200 ........................................................... passed
And match response.jobId == data.scrum[0].jobId ........................... passed
And match response.jobTitle == data.scrum[0].jobTitle ..................... passed
And match response.jobDescription == data.scrum[0].jobDescription ......... passed
And match response.project[0].projectName ==data.scrum[0].projectName ..... passed
And match response.experience[0] == data.scrum[0].experience .............. passed
* def data = read('classpath:com/noorteck/qa/data/JobAPI_TestData.json') .. passed
* def filename = env == 'scrum' ? 'classpath:com/noorteck/qa/helper/Headers.feature@valid-auth' : 'classpath:com/noorteck/qa/helper/Headers.feature@no-auth' . passed
* def info = call read(filename) .......................................... passed
* def URL = baseUrl ....................................................... passed
* configure headers = info.HEADER ......................................... passed
* def PATH = updateAPI .................................................... passed
* def REQUESTBODY = read(data.requestBody) ................................ passed
* set REQUESTBODY.experience[0] = data.sit[0].experience .................. passed
* set REQUESTBODY.jobDescription = data.sit[0].jobDescription ............. passed
* set REQUESTBODY.jobId = data.sit[0].jobId ............................... passed
* set REQUESTBODY.jobTitle = data.sit[0].jobTitle ......................... passed
* set REQUESTBODY.project[0].projectName = data.sit[0].projectName ........ passed
Given url URL ............................................................. passed
And path PATH ............................................................. passed
And request REQUESTBODY ................................................... passed
When method PUT ........................................................... passed
* print response .......................................................... passed
Then status 200 ........................................................... passed
And match response.jobId == data.sit[0].jobId ............................. passed
And match response.jobTitle == data.sit[0].jobTitle ....................... passed
And match response.jobDescription == data.sit[0].jobDescription ........... passed
And match response.project[0].projectName ==data.sit[0].projectName ....... passed
And match response.experience[0] == data.sit[0].experience ................ passed</system-out>
  </testcase>
  <testcase classname="com.noorteck.qa.features.FINAL_VERSION" name="Verify Use able to update specific field for existing job" time="0.322043">
    <system-out>* def data = read('classpath:com/noorteck/qa/data/JobAPI_TestData.json') .. passed
* def filename = env == 'scrum' ? 'classpath:com/noorteck/qa/helper/Headers.feature@valid-auth' : 'classpath:com/noorteck/qa/helper/Headers.feature@no-auth' . passed
* def info = call read(filename) .......................................... passed
* def URL = baseUrl ....................................................... passed
* configure headers = info.HEADER ......................................... passed
* def PATH = addAPI ....................................................... passed
* def REQUESTBODY = read(data.requestBody) ................................ passed
* set REQUESTBODY.experience[0] = data.scrum[0].experience ................ passed
* set REQUESTBODY.jobDescription = data.scrum[0].jobDescription ........... passed
* set REQUESTBODY.jobId = data.scrum[0].jobId ............................. passed
* set REQUESTBODY.jobTitle = data.scrum[0].jobTitle ....................... passed
* set REQUESTBODY.project[0].projectName = data.scrum[0].projectName ...... passed
Given url URL ............................................................. passed
And path PATH ............................................................. passed
And request REQUESTBODY ................................................... passed
When method POST .......................................................... passed
* print response .......................................................... passed
Then status 201 ........................................................... passed
And match response.jobId == data.scrum[0].jobId ........................... passed
And match response.jobTitle == data.scrum[0].jobTitle ..................... passed
And match response.jobDescription == data.scrum[0].jobDescription ......... passed
And match response.project[0].projectName ==data.scrum[0].projectName ..... passed
And match response.experience[0] == data.scrum[0].experience .............. passed
* def data = read('classpath:com/noorteck/qa/data/JobAPI_TestData.json') .. passed
* def filename = env == 'scrum' ? 'classpath:com/noorteck/qa/helper/Headers.feature@valid-auth' : 'classpath:com/noorteck/qa/helper/Headers.feature@no-auth' . passed
* def info = call read(filename) .......................................... passed
* def URL = baseUrl ....................................................... passed
* configure headers = info.HEADER ......................................... passed
* def PATH = addAPI ....................................................... passed
* def REQUESTBODY = read(data.requestBody) ................................ passed
* set REQUESTBODY.experience[0] = data.sit[0].experience .................. passed
* set REQUESTBODY.jobDescription = data.sit[0].jobDescription ............. passed
* set REQUESTBODY.jobId = data.sit[0].jobId ............................... passed
* set REQUESTBODY.jobTitle = data.sit[0].jobTitle ......................... passed
* set REQUESTBODY.project[0].projectName = data.sit[0].projectName ........ passed
Given url URL ............................................................. passed
And path PATH ............................................................. passed
And request REQUESTBODY ................................................... passed
When method POST .......................................................... passed
* print response .......................................................... passed
Then status 201 ........................................................... passed
And match response.jobId == data.sit[0].jobId ............................. passed
And match response.jobTitle == data.sit[0].jobTitle ....................... passed
And match response.jobDescription == data.sit[0].jobDescription ........... passed
And match response.project[0].projectName ==data.sit[0].projectName ....... passed
And match response.experience[0] == data.sit[0].experience ................ passed
* def data = read('classpath:com/noorteck/qa/data/JobAPI_TestData.json') .. passed
* def filename = env == 'scrum' ? 'classpath:com/noorteck/qa/helper/Headers.feature@valid-auth' : 'classpath:com/noorteck/qa/helper/Headers.feature@no-auth' . passed
* def info = call read(filename) .......................................... passed
* def URL = baseUrl ....................................................... passed
* configure headers = info.HEADER ......................................... passed
* def PATH = findAPI ...................................................... passed
Given params {id: '#(data.scrum[0].jobId)', jobTitle: '#(data.scrum[0].jobTitle)'} . passed
And url URL ............................................................... passed
And path PATH ............................................................. passed
When method GET ........................................................... passed
* print response .......................................................... passed
Then status 200 ........................................................... passed
And match response.jobId == data.scrum[0].jobId ........................... passed
And match response.jobTitle == data.scrum[0].jobTitle ..................... passed
And match response.project[0].projectName == data.scrum[0].projectName .... passed
* def data = read('classpath:com/noorteck/qa/data/JobAPI_TestData.json') .. passed
* def filename = env == 'scrum' ? 'classpath:com/noorteck/qa/helper/Headers.feature@valid-auth' : 'classpath:com/noorteck/qa/helper/Headers.feature@no-auth' . passed
* def info = call read(filename) .......................................... passed
* def URL = baseUrl ....................................................... passed
* configure headers = info.HEADER ......................................... passed
* def PATH = findAPI ...................................................... passed
Given params {id: '#(data.sit[0].jobId)', jobTitle: '#(data.sit[0].jobTitle)'} . passed
And url URL ............................................................... passed
And path PATH ............................................................. passed
When method GET ........................................................... passed
* print response .......................................................... passed
Then status 200 ........................................................... passed
And match response.jobId == data.sit[0].jobId ............................. passed
And match response.jobTitle == data.sit[0].jobTitle ....................... passed
And match response.project[0].projectName == data.sit[0].projectName ...... passed
* def data = read('classpath:com/noorteck/qa/data/JobAPI_TestData.json') .. passed
* def filename = env == 'scrum' ? 'classpath:com/noorteck/qa/helper/Headers.feature@valid-auth' : 'classpath:com/noorteck/qa/helper/Headers.feature@no-auth' . passed
* def info = call read(filename) .......................................... passed
* def URL = baseUrl ....................................................... passed
* configure headers = info.HEADER ......................................... passed
* def PATH = updateAPI .................................................... passed
* def REQUESTBODY = read(data.requestBody) ................................ passed
* set REQUESTBODY.experience[0] = data.scrum[0].experience ................ passed
* set REQUESTBODY.jobDescription = data.scrum[0].jobDescription ........... passed
* set REQUESTBODY.jobId = data.scrum[0].jobId ............................. passed
* set REQUESTBODY.jobTitle = data.scrum[0].jobTitle ....................... passed
* set REQUESTBODY.project[0].projectName = data.scrum[0].projectName ...... passed
Given url URL ............................................................. passed
And path PATH ............................................................. passed
And request REQUESTBODY ................................................... passed
When method PUT ........................................................... passed
* print response .......................................................... passed
Then status 200 ........................................................... passed
And match response.jobId == data.scrum[0].jobId ........................... passed
And match response.jobTitle == data.scrum[0].jobTitle ..................... passed
And match response.jobDescription == data.scrum[0].jobDescription ......... passed
And match response.project[0].projectName ==data.scrum[0].projectName ..... passed
And match response.experience[0] == data.scrum[0].experience .............. passed
* def data = read('classpath:com/noorteck/qa/data/JobAPI_TestData.json') .. passed
* def filename = env == 'scrum' ? 'classpath:com/noorteck/qa/helper/Headers.feature@valid-auth' : 'classpath:com/noorteck/qa/helper/Headers.feature@no-auth' . passed
* def info = call read(filename) .......................................... passed
* def URL = baseUrl ....................................................... passed
* configure headers = info.HEADER ......................................... passed
* def PATH = updateAPI .................................................... passed
* def REQUESTBODY = read(data.requestBody) ................................ passed
* set REQUESTBODY.experience[0] = data.sit[0].experience .................. passed
* set REQUESTBODY.jobDescription = data.sit[0].jobDescription ............. passed
* set REQUESTBODY.jobId = data.sit[0].jobId ............................... passed
* set REQUESTBODY.jobTitle = data.sit[0].jobTitle ......................... passed
* set REQUESTBODY.project[0].projectName = data.sit[0].projectName ........ passed
Given url URL ............................................................. passed
And path PATH ............................................................. passed
And request REQUESTBODY ................................................... passed
When method PUT ........................................................... passed
* print response .......................................................... passed
Then status 200 ........................................................... passed
And match response.jobId == data.sit[0].jobId ............................. passed
And match response.jobTitle == data.sit[0].jobTitle ....................... passed
And match response.jobDescription == data.sit[0].jobDescription ........... passed
And match response.project[0].projectName ==data.sit[0].projectName ....... passed
And match response.experience[0] == data.sit[0].experience ................ passed
* def data = read('classpath:com/noorteck/qa/data/JobAPI_TestData.json') .. passed
* def filename = env == 'scrum' ? 'classpath:com/noorteck/qa/helper/Headers.feature@valid-auth' : 'classpath:com/noorteck/qa/helper/Headers.feature@no-auth' . passed
* def info = call read(filename) .......................................... passed
* def URL = baseUrl ....................................................... passed
* configure headers = info.HEADER ......................................... passed
* def PATH = detailsAPI ................................................... passed
Given params {id: '#(data.scrum[0].jobId)', jobTitle: '#(data.scrum[0].upd_jobTitle)', jobDescription: '#(data.scrum[0].upd_jobDesc)'} . passed
And url URL ............................................................... passed
And path PATH ............................................................. passed
And request {} ............................................................ passed
When method PATCH ......................................................... passed
* print response .......................................................... passed
Then status 200 ........................................................... passed
And match response.jobId == data.scrum[0].jobId ........................... passed
And match response.jobTitle == data.scrum[0].upd_jobTitle ................. passed
And match response.jobDescription == data.scrum[0].upd_jobDesc ............ passed</system-out>
  </testcase>
  <testcase classname="com.noorteck.qa.features.FINAL_VERSION" name="Verify Use able to update specific field for existing job" time="0.367112">
    <system-out>* def data = read('classpath:com/noorteck/qa/data/JobAPI_TestData.json') .. passed
* def filename = env == 'scrum' ? 'classpath:com/noorteck/qa/helper/Headers.feature@valid-auth' : 'classpath:com/noorteck/qa/helper/Headers.feature@no-auth' . passed
* def info = call read(filename) .......................................... passed
* def URL = baseUrl ....................................................... passed
* configure headers = info.HEADER ......................................... passed
* def PATH = addAPI ....................................................... passed
* def REQUESTBODY = read(data.requestBody) ................................ passed
* set REQUESTBODY.experience[0] = data.scrum[0].experience ................ passed
* set REQUESTBODY.jobDescription = data.scrum[0].jobDescription ........... passed
* set REQUESTBODY.jobId = data.scrum[0].jobId ............................. passed
* set REQUESTBODY.jobTitle = data.scrum[0].jobTitle ....................... passed
* set REQUESTBODY.project[0].projectName = data.scrum[0].projectName ...... passed
Given url URL ............................................................. passed
And path PATH ............................................................. passed
And request REQUESTBODY ................................................... passed
When method POST .......................................................... passed
* print response .......................................................... passed
Then status 201 ........................................................... passed
And match response.jobId == data.scrum[0].jobId ........................... passed
And match response.jobTitle == data.scrum[0].jobTitle ..................... passed
And match response.jobDescription == data.scrum[0].jobDescription ......... passed
And match response.project[0].projectName ==data.scrum[0].projectName ..... passed
And match response.experience[0] == data.scrum[0].experience .............. passed
* def data = read('classpath:com/noorteck/qa/data/JobAPI_TestData.json') .. passed
* def filename = env == 'scrum' ? 'classpath:com/noorteck/qa/helper/Headers.feature@valid-auth' : 'classpath:com/noorteck/qa/helper/Headers.feature@no-auth' . passed
* def info = call read(filename) .......................................... passed
* def URL = baseUrl ....................................................... passed
* configure headers = info.HEADER ......................................... passed
* def PATH = addAPI ....................................................... passed
* def REQUESTBODY = read(data.requestBody) ................................ passed
* set REQUESTBODY.experience[0] = data.sit[0].experience .................. passed
* set REQUESTBODY.jobDescription = data.sit[0].jobDescription ............. passed
* set REQUESTBODY.jobId = data.sit[0].jobId ............................... passed
* set REQUESTBODY.jobTitle = data.sit[0].jobTitle ......................... passed
* set REQUESTBODY.project[0].projectName = data.sit[0].projectName ........ passed
Given url URL ............................................................. passed
And path PATH ............................................................. passed
And request REQUESTBODY ................................................... passed
When method POST .......................................................... passed
* print response .......................................................... passed
Then status 201 ........................................................... passed
And match response.jobId == data.sit[0].jobId ............................. passed
And match response.jobTitle == data.sit[0].jobTitle ....................... passed
And match response.jobDescription == data.sit[0].jobDescription ........... passed
And match response.project[0].projectName ==data.sit[0].projectName ....... passed
And match response.experience[0] == data.sit[0].experience ................ passed
* def data = read('classpath:com/noorteck/qa/data/JobAPI_TestData.json') .. passed
* def filename = env == 'scrum' ? 'classpath:com/noorteck/qa/helper/Headers.feature@valid-auth' : 'classpath:com/noorteck/qa/helper/Headers.feature@no-auth' . passed
* def info = call read(filename) .......................................... passed
* def URL = baseUrl ....................................................... passed
* configure headers = info.HEADER ......................................... passed
* def PATH = findAPI ...................................................... passed
Given params {id: '#(data.scrum[0].jobId)', jobTitle: '#(data.scrum[0].jobTitle)'} . passed
And url URL ............................................................... passed
And path PATH ............................................................. passed
When method GET ........................................................... passed
* print response .......................................................... passed
Then status 200 ........................................................... passed
And match response.jobId == data.scrum[0].jobId ........................... passed
And match response.jobTitle == data.scrum[0].jobTitle ..................... passed
And match response.project[0].projectName == data.scrum[0].projectName .... passed
* def data = read('classpath:com/noorteck/qa/data/JobAPI_TestData.json') .. passed
* def filename = env == 'scrum' ? 'classpath:com/noorteck/qa/helper/Headers.feature@valid-auth' : 'classpath:com/noorteck/qa/helper/Headers.feature@no-auth' . passed
* def info = call read(filename) .......................................... passed
* def URL = baseUrl ....................................................... passed
* configure headers = info.HEADER ......................................... passed
* def PATH = findAPI ...................................................... passed
Given params {id: '#(data.sit[0].jobId)', jobTitle: '#(data.sit[0].jobTitle)'} . passed
And url URL ............................................................... passed
And path PATH ............................................................. passed
When method GET ........................................................... passed
* print response .......................................................... passed
Then status 200 ........................................................... passed
And match response.jobId == data.sit[0].jobId ............................. passed
And match response.jobTitle == data.sit[0].jobTitle ....................... passed
And match response.project[0].projectName == data.sit[0].projectName ...... passed
* def data = read('classpath:com/noorteck/qa/data/JobAPI_TestData.json') .. passed
* def filename = env == 'scrum' ? 'classpath:com/noorteck/qa/helper/Headers.feature@valid-auth' : 'classpath:com/noorteck/qa/helper/Headers.feature@no-auth' . passed
* def info = call read(filename) .......................................... passed
* def URL = baseUrl ....................................................... passed
* configure headers = info.HEADER ......................................... passed
* def PATH = updateAPI .................................................... passed
* def REQUESTBODY = read(data.requestBody) ................................ passed
* set REQUESTBODY.experience[0] = data.scrum[0].experience ................ passed
* set REQUESTBODY.jobDescription = data.scrum[0].jobDescription ........... passed
* set REQUESTBODY.jobId = data.scrum[0].jobId ............................. passed
* set REQUESTBODY.jobTitle = data.scrum[0].jobTitle ....................... passed
* set REQUESTBODY.project[0].projectName = data.scrum[0].projectName ...... passed
Given url URL ............................................................. passed
And path PATH ............................................................. passed
And request REQUESTBODY ................................................... passed
When method PUT ........................................................... passed
* print response .......................................................... passed
Then status 200 ........................................................... passed
And match response.jobId == data.scrum[0].jobId ........................... passed
And match response.jobTitle == data.scrum[0].jobTitle ..................... passed
And match response.jobDescription == data.scrum[0].jobDescription ......... passed
And match response.project[0].projectName ==data.scrum[0].projectName ..... passed
And match response.experience[0] == data.scrum[0].experience .............. passed
* def data = read('classpath:com/noorteck/qa/data/JobAPI_TestData.json') .. passed
* def filename = env == 'scrum' ? 'classpath:com/noorteck/qa/helper/Headers.feature@valid-auth' : 'classpath:com/noorteck/qa/helper/Headers.feature@no-auth' . passed
* def info = call read(filename) .......................................... passed
* def URL = baseUrl ....................................................... passed
* configure headers = info.HEADER ......................................... passed
* def PATH = updateAPI .................................................... passed
* def REQUESTBODY = read(data.requestBody) ................................ passed
* set REQUESTBODY.experience[0] = data.sit[0].experience .................. passed
* set REQUESTBODY.jobDescription = data.sit[0].jobDescription ............. passed
* set REQUESTBODY.jobId = data.sit[0].jobId ............................... passed
* set REQUESTBODY.jobTitle = data.sit[0].jobTitle ......................... passed
* set REQUESTBODY.project[0].projectName = data.sit[0].projectName ........ passed
Given url URL ............................................................. passed
And path PATH ............................................................. passed
And request REQUESTBODY ................................................... passed
When method PUT ........................................................... passed
* print response .......................................................... passed
Then status 200 ........................................................... passed
And match response.jobId == data.sit[0].jobId ............................. passed
And match response.jobTitle == data.sit[0].jobTitle ....................... passed
And match response.jobDescription == data.sit[0].jobDescription ........... passed
And match response.project[0].projectName ==data.sit[0].projectName ....... passed
And match response.experience[0] == data.sit[0].experience ................ passed
* def data = read('classpath:com/noorteck/qa/data/JobAPI_TestData.json') .. passed
* def filename = env == 'scrum' ? 'classpath:com/noorteck/qa/helper/Headers.feature@valid-auth' : 'classpath:com/noorteck/qa/helper/Headers.feature@no-auth' . passed
* def info = call read(filename) .......................................... passed
* def URL = baseUrl ....................................................... passed
* configure headers = info.HEADER ......................................... passed
* def PATH = detailsAPI ................................................... passed
Given params {id: '#(data.scrum[0].jobId)', jobTitle: '#(data.scrum[0].upd_jobTitle)', jobDescription: '#(data.scrum[0].upd_jobDesc)'} . passed
And url URL ............................................................... passed
And path PATH ............................................................. passed
And request {} ............................................................ passed
When method PATCH ......................................................... passed
* print response .......................................................... passed
Then status 200 ........................................................... passed
And match response.jobId == data.scrum[0].jobId ........................... passed
And match response.jobTitle == data.scrum[0].upd_jobTitle ................. passed
And match response.jobDescription == data.scrum[0].upd_jobDesc ............ passed
* def data = read('classpath:com/noorteck/qa/data/JobAPI_TestData.json') .. passed
* def filename = env == 'scrum' ? 'classpath:com/noorteck/qa/helper/Headers.feature@valid-auth' : 'classpath:com/noorteck/qa/helper/Headers.feature@no-auth' . passed
* def info = call read(filename) .......................................... passed
* def URL = baseUrl ....................................................... passed
* configure headers = info.HEADER ......................................... passed
* def PATH = detailsAPI ................................................... passed
Given params {id: '#(data.sit[0].jobId)', jobTitle: '#(data.sit[0].upd_jobTitle)', jobDescription: '#(data.sit[0].upd_jobDesc)'} . passed
And url URL ............................................................... passed
And path PATH ............................................................. passed
And request {} ............................................................ passed
When method PATCH ......................................................... passed
* print response .......................................................... passed
Then status 200 ........................................................... passed
And match response.jobId == data.sit[0].jobId ............................. passed
And match response.jobTitle == data.sit[0].upd_jobTitle ................... passed
And match response.jobDescription == data.sit[0].upd_jobDesc .............. passed</system-out>
  </testcase>
  <testcase classname="com.noorteck.qa.features.FINAL_VERSION" name="Verify User able to Delete existing job description with valid Authentication" time="0.198805">
    <system-out>* def data = read('classpath:com/noorteck/qa/data/JobAPI_TestData.json') .. passed
* def filename = env == 'scrum' ? 'classpath:com/noorteck/qa/helper/Headers.feature@valid-auth' : 'classpath:com/noorteck/qa/helper/Headers.feature@no-auth' . passed
* def info = call read(filename) .......................................... passed
* def URL = baseUrl ....................................................... passed
* configure headers = info.HEADER ......................................... passed
* def PATH = addAPI ....................................................... passed
* def REQUESTBODY = read(data.requestBody) ................................ passed
* set REQUESTBODY.experience[0] = data.scrum[0].experience ................ passed
* set REQUESTBODY.jobDescription = data.scrum[0].jobDescription ........... passed
* set REQUESTBODY.jobId = data.scrum[0].jobId ............................. passed
* set REQUESTBODY.jobTitle = data.scrum[0].jobTitle ....................... passed
* set REQUESTBODY.project[0].projectName = data.scrum[0].projectName ...... passed
Given url URL ............................................................. passed
And path PATH ............................................................. passed
And request REQUESTBODY ................................................... passed
When method POST .......................................................... passed
* print response .......................................................... passed
Then status 201 ........................................................... passed
And match response.jobId == data.scrum[0].jobId ........................... passed
And match response.jobTitle == data.scrum[0].jobTitle ..................... passed
And match response.jobDescription == data.scrum[0].jobDescription ......... passed
And match response.project[0].projectName ==data.scrum[0].projectName ..... passed
And match response.experience[0] == data.scrum[0].experience .............. passed
* def data = read('classpath:com/noorteck/qa/data/JobAPI_TestData.json') .. passed
* def filename = env == 'scrum' ? 'classpath:com/noorteck/qa/helper/Headers.feature@valid-auth' : 'classpath:com/noorteck/qa/helper/Headers.feature@no-auth' . passed
* def info = call read(filename) .......................................... passed
* def URL = baseUrl ....................................................... passed
* configure headers = info.HEADER ......................................... passed
* def PATH = addAPI ....................................................... passed
* def REQUESTBODY = read(data.requestBody) ................................ passed
* set REQUESTBODY.experience[0] = data.sit[0].experience .................. passed
* set REQUESTBODY.jobDescription = data.sit[0].jobDescription ............. passed
* set REQUESTBODY.jobId = data.sit[0].jobId ............................... passed
* set REQUESTBODY.jobTitle = data.sit[0].jobTitle ......................... passed
* set REQUESTBODY.project[0].projectName = data.sit[0].projectName ........ passed
Given url URL ............................................................. passed
And path PATH ............................................................. passed
And request REQUESTBODY ................................................... passed
When method POST .......................................................... passed
* print response .......................................................... passed
Then status 201 ........................................................... passed
And match response.jobId == data.sit[0].jobId ............................. passed
And match response.jobTitle == data.sit[0].jobTitle ....................... passed
And match response.jobDescription == data.sit[0].jobDescription ........... passed
And match response.project[0].projectName ==data.sit[0].projectName ....... passed
And match response.experience[0] == data.sit[0].experience ................ passed
* def data = read('classpath:com/noorteck/qa/data/JobAPI_TestData.json') .. passed
* def filename = env == 'scrum' ? 'classpath:com/noorteck/qa/helper/Headers.feature@valid-auth' : 'classpath:com/noorteck/qa/helper/Headers.feature@no-auth' . passed
* def info = call read(filename) .......................................... passed
* def URL = baseUrl ....................................................... passed
* configure headers = info.HEADER ......................................... passed
* def PATH = findAPI ...................................................... passed
Given params {id: '#(data.scrum[0].jobId)', jobTitle: '#(data.scrum[0].jobTitle)'} . passed
And url URL ............................................................... passed
And path PATH ............................................................. passed
When method GET ........................................................... passed
* print response .......................................................... passed
Then status 200 ........................................................... passed
And match response.jobId == data.scrum[0].jobId ........................... passed
And match response.jobTitle == data.scrum[0].jobTitle ..................... passed
And match response.project[0].projectName == data.scrum[0].projectName .... passed
* def data = read('classpath:com/noorteck/qa/data/JobAPI_TestData.json') .. passed
* def filename = env == 'scrum' ? 'classpath:com/noorteck/qa/helper/Headers.feature@valid-auth' : 'classpath:com/noorteck/qa/helper/Headers.feature@no-auth' . passed
* def info = call read(filename) .......................................... passed
* def URL = baseUrl ....................................................... passed
* configure headers = info.HEADER ......................................... passed
* def PATH = findAPI ...................................................... passed
Given params {id: '#(data.sit[0].jobId)', jobTitle: '#(data.sit[0].jobTitle)'} . passed
And url URL ............................................................... passed
And path PATH ............................................................. passed
When method GET ........................................................... passed
* print response .......................................................... passed
Then status 200 ........................................................... passed
And match response.jobId == data.sit[0].jobId ............................. passed
And match response.jobTitle == data.sit[0].jobTitle ....................... passed
And match response.project[0].projectName == data.sit[0].projectName ...... passed
* def data = read('classpath:com/noorteck/qa/data/JobAPI_TestData.json') .. passed
* def filename = env == 'scrum' ? 'classpath:com/noorteck/qa/helper/Headers.feature@valid-auth' : 'classpath:com/noorteck/qa/helper/Headers.feature@no-auth' . passed
* def info = call read(filename) .......................................... passed
* def URL = baseUrl ....................................................... passed
* configure headers = info.HEADER ......................................... passed
* def PATH = updateAPI .................................................... passed
* def REQUESTBODY = read(data.requestBody) ................................ passed
* set REQUESTBODY.experience[0] = data.scrum[0].experience ................ passed
* set REQUESTBODY.jobDescription = data.scrum[0].jobDescription ........... passed
* set REQUESTBODY.jobId = data.scrum[0].jobId ............................. passed
* set REQUESTBODY.jobTitle = data.scrum[0].jobTitle ....................... passed
* set REQUESTBODY.project[0].projectName = data.scrum[0].projectName ...... passed
Given url URL ............................................................. passed
And path PATH ............................................................. passed
And request REQUESTBODY ................................................... passed
When method PUT ........................................................... passed
* print response .......................................................... passed
Then status 200 ........................................................... passed
And match response.jobId == data.scrum[0].jobId ........................... passed
And match response.jobTitle == data.scrum[0].jobTitle ..................... passed
And match response.jobDescription == data.scrum[0].jobDescription ......... passed
And match response.project[0].projectName ==data.scrum[0].projectName ..... passed
And match response.experience[0] == data.scrum[0].experience .............. passed
* def data = read('classpath:com/noorteck/qa/data/JobAPI_TestData.json') .. passed
* def filename = env == 'scrum' ? 'classpath:com/noorteck/qa/helper/Headers.feature@valid-auth' : 'classpath:com/noorteck/qa/helper/Headers.feature@no-auth' . passed
* def info = call read(filename) .......................................... passed
* def URL = baseUrl ....................................................... passed
* configure headers = info.HEADER ......................................... passed
* def PATH = updateAPI .................................................... passed
* def REQUESTBODY = read(data.requestBody) ................................ passed
* set REQUESTBODY.experience[0] = data.sit[0].experience .................. passed
* set REQUESTBODY.jobDescription = data.sit[0].jobDescription ............. passed
* set REQUESTBODY.jobId = data.sit[0].jobId ............................... passed
* set REQUESTBODY.jobTitle = data.sit[0].jobTitle ......................... passed
* set REQUESTBODY.project[0].projectName = data.sit[0].projectName ........ passed
Given url URL ............................................................. passed
And path PATH ............................................................. passed
And request REQUESTBODY ................................................... passed
When method PUT ........................................................... passed
* print response .......................................................... passed
Then status 200 ........................................................... passed
And match response.jobId == data.sit[0].jobId ............................. passed
And match response.jobTitle == data.sit[0].jobTitle ....................... passed
And match response.jobDescription == data.sit[0].jobDescription ........... passed
And match response.project[0].projectName ==data.sit[0].projectName ....... passed
And match response.experience[0] == data.sit[0].experience ................ passed
* def data = read('classpath:com/noorteck/qa/data/JobAPI_TestData.json') .. passed
* def filename = env == 'scrum' ? 'classpath:com/noorteck/qa/helper/Headers.feature@valid-auth' : 'classpath:com/noorteck/qa/helper/Headers.feature@no-auth' . passed
* def info = call read(filename) .......................................... passed
* def URL = baseUrl ....................................................... passed
* configure headers = info.HEADER ......................................... passed
* def PATH = detailsAPI ................................................... passed
Given params {id: '#(data.scrum[0].jobId)', jobTitle: '#(data.scrum[0].upd_jobTitle)', jobDescription: '#(data.scrum[0].upd_jobDesc)'} . passed
And url URL ............................................................... passed
And path PATH ............................................................. passed
And request {} ............................................................ passed
When method PATCH ......................................................... passed
* print response .......................................................... passed
Then status 200 ........................................................... passed
And match response.jobId == data.scrum[0].jobId ........................... passed
And match response.jobTitle == data.scrum[0].upd_jobTitle ................. passed
And match response.jobDescription == data.scrum[0].upd_jobDesc ............ passed
* def data = read('classpath:com/noorteck/qa/data/JobAPI_TestData.json') .. passed
* def filename = env == 'scrum' ? 'classpath:com/noorteck/qa/helper/Headers.feature@valid-auth' : 'classpath:com/noorteck/qa/helper/Headers.feature@no-auth' . passed
* def info = call read(filename) .......................................... passed
* def URL = baseUrl ....................................................... passed
* configure headers = info.HEADER ......................................... passed
* def PATH = detailsAPI ................................................... passed
Given params {id: '#(data.sit[0].jobId)', jobTitle: '#(data.sit[0].upd_jobTitle)', jobDescription: '#(data.sit[0].upd_jobDesc)'} . passed
And url URL ............................................................... passed
And path PATH ............................................................. passed
And request {} ............................................................ passed
When method PATCH ......................................................... passed
* print response .......................................................... passed
Then status 200 ........................................................... passed
And match response.jobId == data.sit[0].jobId ............................. passed
And match response.jobTitle == data.sit[0].upd_jobTitle ................... passed
And match response.jobDescription == data.sit[0].upd_jobDesc .............. passed
* def data = read('classpath:com/noorteck/qa/data/JobAPI_TestData.json') .. passed
* def filename = env == 'scrum' ? 'classpath:com/noorteck/qa/helper/Headers.feature@valid-auth' : 'classpath:com/noorteck/qa/helper/Headers.feature@no-auth' . passed
* def info = call read(filename) .......................................... passed
* def URL = baseUrl ....................................................... passed
* configure headers = info.HEADER ......................................... passed
* def PATH = removeAPI + '/'+ data.scrum[0].jobId ......................... passed
Given url URL ............................................................. passed
And path PATH ............................................................. passed
When method DELETE ........................................................ passed
* print response .......................................................... passed
Then status 200 ........................................................... passed
And match response.jobId == data.scrum[0].jobId ........................... passed
And match response.jobTitle == data.scrum[0].upd_jobTitle ................. passed
And match response.jobDescription == data.scrum[0].upd_jobDesc ............ passed</system-out>
  </testcase>
  <testcase classname="com.noorteck.qa.features.FINAL_VERSION" name="Verify User able to Delete existing job description with valid Authentication" time="0.210352">
    <system-out>* def data = read('classpath:com/noorteck/qa/data/JobAPI_TestData.json') .. passed
* def filename = env == 'scrum' ? 'classpath:com/noorteck/qa/helper/Headers.feature@valid-auth' : 'classpath:com/noorteck/qa/helper/Headers.feature@no-auth' . passed
* def info = call read(filename) .......................................... passed
* def URL = baseUrl ....................................................... passed
* configure headers = info.HEADER ......................................... passed
* def PATH = addAPI ....................................................... passed
* def REQUESTBODY = read(data.requestBody) ................................ passed
* set REQUESTBODY.experience[0] = data.scrum[0].experience ................ passed
* set REQUESTBODY.jobDescription = data.scrum[0].jobDescription ........... passed
* set REQUESTBODY.jobId = data.scrum[0].jobId ............................. passed
* set REQUESTBODY.jobTitle = data.scrum[0].jobTitle ....................... passed
* set REQUESTBODY.project[0].projectName = data.scrum[0].projectName ...... passed
Given url URL ............................................................. passed
And path PATH ............................................................. passed
And request REQUESTBODY ................................................... passed
When method POST .......................................................... passed
* print response .......................................................... passed
Then status 201 ........................................................... passed
And match response.jobId == data.scrum[0].jobId ........................... passed
And match response.jobTitle == data.scrum[0].jobTitle ..................... passed
And match response.jobDescription == data.scrum[0].jobDescription ......... passed
And match response.project[0].projectName ==data.scrum[0].projectName ..... passed
And match response.experience[0] == data.scrum[0].experience .............. passed
* def data = read('classpath:com/noorteck/qa/data/JobAPI_TestData.json') .. passed
* def filename = env == 'scrum' ? 'classpath:com/noorteck/qa/helper/Headers.feature@valid-auth' : 'classpath:com/noorteck/qa/helper/Headers.feature@no-auth' . passed
* def info = call read(filename) .......................................... passed
* def URL = baseUrl ....................................................... passed
* configure headers = info.HEADER ......................................... passed
* def PATH = addAPI ....................................................... passed
* def REQUESTBODY = read(data.requestBody) ................................ passed
* set REQUESTBODY.experience[0] = data.sit[0].experience .................. passed
* set REQUESTBODY.jobDescription = data.sit[0].jobDescription ............. passed
* set REQUESTBODY.jobId = data.sit[0].jobId ............................... passed
* set REQUESTBODY.jobTitle = data.sit[0].jobTitle ......................... passed
* set REQUESTBODY.project[0].projectName = data.sit[0].projectName ........ passed
Given url URL ............................................................. passed
And path PATH ............................................................. passed
And request REQUESTBODY ................................................... passed
When method POST .......................................................... passed
* print response .......................................................... passed
Then status 201 ........................................................... passed
And match response.jobId == data.sit[0].jobId ............................. passed
And match response.jobTitle == data.sit[0].jobTitle ....................... passed
And match response.jobDescription == data.sit[0].jobDescription ........... passed
And match response.project[0].projectName ==data.sit[0].projectName ....... passed
And match response.experience[0] == data.sit[0].experience ................ passed
* def data = read('classpath:com/noorteck/qa/data/JobAPI_TestData.json') .. passed
* def filename = env == 'scrum' ? 'classpath:com/noorteck/qa/helper/Headers.feature@valid-auth' : 'classpath:com/noorteck/qa/helper/Headers.feature@no-auth' . passed
* def info = call read(filename) .......................................... passed
* def URL = baseUrl ....................................................... passed
* configure headers = info.HEADER ......................................... passed
* def PATH = findAPI ...................................................... passed
Given params {id: '#(data.scrum[0].jobId)', jobTitle: '#(data.scrum[0].jobTitle)'} . passed
And url URL ............................................................... passed
And path PATH ............................................................. passed
When method GET ........................................................... passed
* print response .......................................................... passed
Then status 200 ........................................................... passed
And match response.jobId == data.scrum[0].jobId ........................... passed
And match response.jobTitle == data.scrum[0].jobTitle ..................... passed
And match response.project[0].projectName == data.scrum[0].projectName .... passed
* def data = read('classpath:com/noorteck/qa/data/JobAPI_TestData.json') .. passed
* def filename = env == 'scrum' ? 'classpath:com/noorteck/qa/helper/Headers.feature@valid-auth' : 'classpath:com/noorteck/qa/helper/Headers.feature@no-auth' . passed
* def info = call read(filename) .......................................... passed
* def URL = baseUrl ....................................................... passed
* configure headers = info.HEADER ......................................... passed
* def PATH = findAPI ...................................................... passed
Given params {id: '#(data.sit[0].jobId)', jobTitle: '#(data.sit[0].jobTitle)'} . passed
And url URL ............................................................... passed
And path PATH ............................................................. passed
When method GET ........................................................... passed
* print response .......................................................... passed
Then status 200 ........................................................... passed
And match response.jobId == data.sit[0].jobId ............................. passed
And match response.jobTitle == data.sit[0].jobTitle ....................... passed
And match response.project[0].projectName == data.sit[0].projectName ...... passed
* def data = read('classpath:com/noorteck/qa/data/JobAPI_TestData.json') .. passed
* def filename = env == 'scrum' ? 'classpath:com/noorteck/qa/helper/Headers.feature@valid-auth' : 'classpath:com/noorteck/qa/helper/Headers.feature@no-auth' . passed
* def info = call read(filename) .......................................... passed
* def URL = baseUrl ....................................................... passed
* configure headers = info.HEADER ......................................... passed
* def PATH = updateAPI .................................................... passed
* def REQUESTBODY = read(data.requestBody) ................................ passed
* set REQUESTBODY.experience[0] = data.scrum[0].experience ................ passed
* set REQUESTBODY.jobDescription = data.scrum[0].jobDescription ........... passed
* set REQUESTBODY.jobId = data.scrum[0].jobId ............................. passed
* set REQUESTBODY.jobTitle = data.scrum[0].jobTitle ....................... passed
* set REQUESTBODY.project[0].projectName = data.scrum[0].projectName ...... passed
Given url URL ............................................................. passed
And path PATH ............................................................. passed
And request REQUESTBODY ................................................... passed
When method PUT ........................................................... passed
* print response .......................................................... passed
Then status 200 ........................................................... passed
And match response.jobId == data.scrum[0].jobId ........................... passed
And match response.jobTitle == data.scrum[0].jobTitle ..................... passed
And match response.jobDescription == data.scrum[0].jobDescription ......... passed
And match response.project[0].projectName ==data.scrum[0].projectName ..... passed
And match response.experience[0] == data.scrum[0].experience .............. passed
* def data = read('classpath:com/noorteck/qa/data/JobAPI_TestData.json') .. passed
* def filename = env == 'scrum' ? 'classpath:com/noorteck/qa/helper/Headers.feature@valid-auth' : 'classpath:com/noorteck/qa/helper/Headers.feature@no-auth' . passed
* def info = call read(filename) .......................................... passed
* def URL = baseUrl ....................................................... passed
* configure headers = info.HEADER ......................................... passed
* def PATH = updateAPI .................................................... passed
* def REQUESTBODY = read(data.requestBody) ................................ passed
* set REQUESTBODY.experience[0] = data.sit[0].experience .................. passed
* set REQUESTBODY.jobDescription = data.sit[0].jobDescription ............. passed
* set REQUESTBODY.jobId = data.sit[0].jobId ............................... passed
* set REQUESTBODY.jobTitle = data.sit[0].jobTitle ......................... passed
* set REQUESTBODY.project[0].projectName = data.sit[0].projectName ........ passed
Given url URL ............................................................. passed
And path PATH ............................................................. passed
And request REQUESTBODY ................................................... passed
When method PUT ........................................................... passed
* print response .......................................................... passed
Then status 200 ........................................................... passed
And match response.jobId == data.sit[0].jobId ............................. passed
And match response.jobTitle == data.sit[0].jobTitle ....................... passed
And match response.jobDescription == data.sit[0].jobDescription ........... passed
And match response.project[0].projectName ==data.sit[0].projectName ....... passed
And match response.experience[0] == data.sit[0].experience ................ passed
* def data = read('classpath:com/noorteck/qa/data/JobAPI_TestData.json') .. passed
* def filename = env == 'scrum' ? 'classpath:com/noorteck/qa/helper/Headers.feature@valid-auth' : 'classpath:com/noorteck/qa/helper/Headers.feature@no-auth' . passed
* def info = call read(filename) .......................................... passed
* def URL = baseUrl ....................................................... passed
* configure headers = info.HEADER ......................................... passed
* def PATH = detailsAPI ................................................... passed
Given params {id: '#(data.scrum[0].jobId)', jobTitle: '#(data.scrum[0].upd_jobTitle)', jobDescription: '#(data.scrum[0].upd_jobDesc)'} . passed
And url URL ............................................................... passed
And path PATH ............................................................. passed
And request {} ............................................................ passed
When method PATCH ......................................................... passed
* print response .......................................................... passed
Then status 200 ........................................................... passed
And match response.jobId == data.scrum[0].jobId ........................... passed
And match response.jobTitle == data.scrum[0].upd_jobTitle ................. passed
And match response.jobDescription == data.scrum[0].upd_jobDesc ............ passed
* def data = read('classpath:com/noorteck/qa/data/JobAPI_TestData.json') .. passed
* def filename = env == 'scrum' ? 'classpath:com/noorteck/qa/helper/Headers.feature@valid-auth' : 'classpath:com/noorteck/qa/helper/Headers.feature@no-auth' . passed
* def info = call read(filename) .......................................... passed
* def URL = baseUrl ....................................................... passed
* configure headers = info.HEADER ......................................... passed
* def PATH = detailsAPI ................................................... passed
Given params {id: '#(data.sit[0].jobId)', jobTitle: '#(data.sit[0].upd_jobTitle)', jobDescription: '#(data.sit[0].upd_jobDesc)'} . passed
And url URL ............................................................... passed
And path PATH ............................................................. passed
And request {} ............................................................ passed
When method PATCH ......................................................... passed
* print response .......................................................... passed
Then status 200 ........................................................... passed
And match response.jobId == data.sit[0].jobId ............................. passed
And match response.jobTitle == data.sit[0].upd_jobTitle ................... passed
And match response.jobDescription == data.sit[0].upd_jobDesc .............. passed
* def data = read('classpath:com/noorteck/qa/data/JobAPI_TestData.json') .. passed
* def filename = env == 'scrum' ? 'classpath:com/noorteck/qa/helper/Headers.feature@valid-auth' : 'classpath:com/noorteck/qa/helper/Headers.feature@no-auth' . passed
* def info = call read(filename) .......................................... passed
* def URL = baseUrl ....................................................... passed
* configure headers = info.HEADER ......................................... passed
* def PATH = removeAPI + '/'+ data.scrum[0].jobId ......................... passed
Given url URL ............................................................. passed
And path PATH ............................................................. passed
When method DELETE ........................................................ passed
* print response .......................................................... passed
Then status 200 ........................................................... passed
And match response.jobId == data.scrum[0].jobId ........................... passed
And match response.jobTitle == data.scrum[0].upd_jobTitle ................. passed
And match response.jobDescription == data.scrum[0].upd_jobDesc ............ passed
* def data = read('classpath:com/noorteck/qa/data/JobAPI_TestData.json') .. passed
* def filename = env == 'scrum' ? 'classpath:com/noorteck/qa/helper/Headers.feature@valid-auth' : 'classpath:com/noorteck/qa/helper/Headers.feature@no-auth' . passed
* def info = call read(filename) .......................................... passed
* def URL = baseUrl ....................................................... passed
* configure headers = info.HEADER ......................................... passed
* def PATH = removeAPI + '/'+ data.sit[0].jobId ........................... passed
Given url URL ............................................................. passed
And path PATH ............................................................. passed
When method DELETE ........................................................ passed
* print response .......................................................... passed
Then status 200 ........................................................... passed
And match response.jobId == data.sit[0].jobId ............................. passed
And match response.jobTitle == data.sit[0].upd_jobTitle ................... passed
And match response.jobDescription == data.sit[0].upd_jobDesc .............. passed</system-out>
  </testcase>
</testsuite>
