<testsuite failures="1" name="src/test/java/com/noorteck/qa/helper/CallJavaMethod.feature" skipped="0" tests="3" time="0.023988">
  <testcase classname="src.test.java.com.noorteck.qa.helper.CallJavaMethod" name="Calling  non-static Java Method" time="0.013368">
    <system-out>* def javaClassObj = Java.type('com.noorteck.qa.features.APIUtil') ........ passed
* def result = new javaClassObj().converToUpper('john cena') .............. passed
* print result ............................................................ passed</system-out>
  </testcase>
  <testcase classname="src.test.java.com.noorteck.qa.helper.CallJavaMethod" name="Calling static Java Method" time="0.003274">
    <system-out>* def javaClassObj = Java.type('com.noorteck.qa.features.APIUtil') ........ passed
* def result = new javaClassObj().converToUpper('john cena') .............. passed
* print result ............................................................ passed
* def javaClassObj = Java.type('com.noorteck.qa.features.APIUtil') ........ passed
* def result = javaClassObj.duplicate('FunDay') ........................... passed
* print result ............................................................ passed</system-out>
  </testcase>
  <testcase classname="src.test.java.com.noorteck.qa.helper.CallJavaMethod" name="Calling Java Void Method" time="0.007346">
    <failure message="CallJavaMethod.feature:25 - evaluation (js) failed: javaClassObj.getResult('yes', 'no'), javax.script.ScriptException: TypeError: javaClassObj.getResult is not a function in &lt;eval&gt; at line number 1&#10;stack trace: jdk.nashorn.api.scripting.NashornScriptEngine.throwAsScriptException(NashornScriptEngine.java:470)">* def javaClassObj = Java.type('com.noorteck.qa.features.APIUtil') ........ passed
* def result = new javaClassObj().converToUpper('john cena') .............. passed
* print result ............................................................ passed
* def javaClassObj = Java.type('com.noorteck.qa.features.APIUtil') ........ passed
* def result = javaClassObj.duplicate('FunDay') ........................... passed
* print result ............................................................ passed
* def javaClassObj = Java.type('com.noorteck.qa.features.APIUtil') ........ passed
* def result = javaClassObj.getResult('yes', 'no') ........................ failed

Stack Trace:
com.intuit.karate.exception.KarateException: CallJavaMethod.feature:25 - evaluation (js) failed: javaClassObj.getResult('yes', 'no'), javax.script.ScriptException: TypeError: javaClassObj.getResult is not a function in &lt;eval&gt; at line number 1
stack trace: jdk.nashorn.api.scripting.NashornScriptEngine.throwAsScriptException(NashornScriptEngine.java:470)
	at âœ½.* def result = javaClassObj.getResult('yes', 'no') (CallJavaMethod.feature:25)

* print result ............................................................ skipped</failure>
  </testcase>
</testsuite>
